<?xml version="1.0" encoding="UTF-8"?>
<!-- Generated by org.testng.reporters.JUnitXMLReporter -->
<testsuite hostname="Deepaks-MacBook-Pro-3.local" name="Command line test" tests="6" failures="0" timestamp="13 Dec 2016 07:59:41 GMT" time="2.078" errors="0">
  <testcase name="_testStringReplacemt" time="0.003" classname="com.app.work.StringTest"/>
  <testcase name="testStringReplacemtWithJava" time="0.0" classname="com.app.work.StringTest"/>
  <testcase name="_testSearchTerm" time="1.511" classname="com.app.work.TestiTunesSearchApi"/>
  <testcase name="_testSearchTermCountry" time="0.181" classname="com.app.work.TestiTunesSearchApi"/>
  <testcase name="_testSearchTermCountryMedia" time="0.178" classname="com.app.work.TestiTunesSearchApi"/>
  <testcase name="_testSearchTermCountryMediaWithLimit" time="0.175" classname="com.app.work.TestiTunesSearchApi"/>
</testsuite> <!-- Command line test -->
